This is pdfeTeX, Version 3.141592-1.30.6-2.2 (MiKTeX 2.5) (preloaded format=latex 2006.10.17)  1 AUG 2007 10:37
entering extended mode
**C:/Documents*and*Settings/swang/My*Documents/SPC/ICC08*-*Optimizing*Hierarchi
cal*Modulation/ICC08OptimizingHierarchicalModulations.TeX

("C:\Documents and Settings\swang\My Documents\SPC\ICC08 - Optimizing Hierarchi
cal Modulation\ICC08OptimizingHierarchicalModulations.TeX"
LaTeX2e <2005/12/01>
Babel <v3.8g> and hyphenation patterns for english, dumylang, nohyphenation, ge
rman, ngerman, french, loaded.
(IEEEtran.cls
Document Class: IEEEtran 2007/03/05 V1.7a by Michael Shell
-- See the "IEEEtran_HOWTO" manual for usage information.
-- http://www.michaelshell.org/tex/ieeetran/
\@IEEEtrantmpdimenA=\dimen102
\@IEEEtrantmpdimenB=\dimen103
\@IEEEtrantmpcountA=\count79
\@IEEEtrantmpcountB=\count80
\@IEEEtrantmptoksA=\toks14
LaTeX Font Info:    Try loading font information for OT1+ptm on input line 366.

("C:\Program Files\MiKTeX 2.5\tex\latex\psnfss\ot1ptm.fd"
File: ot1ptm.fd 2001/06/04 font definitions for OT1/ptm.
)
-- Using 8.5in x 11in (letter) paper.
-- Using DVI output.
\@IEEEnormalsizeunitybaselineskip=\dimen104
-- This is a 10 point document.
\CLASSINFOnormalsizebaselineskip=\dimen105
\CLASSINFOnormalsizeunitybaselineskip=\dimen106
\IEEEnormaljot=\dimen107
LaTeX Font Info:    Font shape `OT1/ptm/bx/n' in size <5> not available
(Font)              Font shape `OT1/ptm/b/n' tried instead on input line 724.
LaTeX Font Info:    Font shape `OT1/ptm/bx/it' in size <5> not available
(Font)              Font shape `OT1/ptm/b/it' tried instead on input line 724.
LaTeX Font Info:    Font shape `OT1/ptm/bx/n' in size <7> not available
(Font)              Font shape `OT1/ptm/b/n' tried instead on input line 724.
LaTeX Font Info:    Font shape `OT1/ptm/bx/it' in size <7> not available
(Font)              Font shape `OT1/ptm/b/it' tried instead on input line 724.
LaTeX Font Info:    Font shape `OT1/ptm/bx/n' in size <8> not available
(Font)              Font shape `OT1/ptm/b/n' tried instead on input line 724.
LaTeX Font Info:    Font shape `OT1/ptm/bx/it' in size <8> not available
(Font)              Font shape `OT1/ptm/b/it' tried instead on input line 724.
LaTeX Font Info:    Font shape `OT1/ptm/bx/n' in size <9> not available
(Font)              Font shape `OT1/ptm/b/n' tried instead on input line 724.
LaTeX Font Info:    Font shape `OT1/ptm/bx/it' in size <9> not available
(Font)              Font shape `OT1/ptm/b/it' tried instead on input line 724.
LaTeX Font Info:    Font shape `OT1/ptm/bx/n' in size <10> not available
(Font)              Font shape `OT1/ptm/b/n' tried instead on input line 724.
LaTeX Font Info:    Font shape `OT1/ptm/bx/it' in size <10> not available
(Font)              Font shape `OT1/ptm/b/it' tried instead on input line 724.
LaTeX Font Info:    Font shape `OT1/ptm/bx/n' in size <11> not available
(Font)              Font shape `OT1/ptm/b/n' tried instead on input line 724.
LaTeX Font Info:    Font shape `OT1/ptm/bx/it' in size <11> not available
(Font)              Font shape `OT1/ptm/b/it' tried instead on input line 724.
LaTeX Font Info:    Font shape `OT1/ptm/bx/n' in size <12> not available
(Font)              Font shape `OT1/ptm/b/n' tried instead on input line 724.
LaTeX Font Info:    Font shape `OT1/ptm/bx/it' in size <12> not available
(Font)              Font shape `OT1/ptm/b/it' tried instead on input line 724.
LaTeX Font Info:    Font shape `OT1/ptm/bx/n' in size <17> not available
(Font)              Font shape `OT1/ptm/b/n' tried instead on input line 724.
LaTeX Font Info:    Font shape `OT1/ptm/bx/it' in size <17> not available
(Font)              Font shape `OT1/ptm/b/it' tried instead on input line 724.
LaTeX Font Info:    Font shape `OT1/ptm/bx/n' in size <20> not available
(Font)              Font shape `OT1/ptm/b/n' tried instead on input line 724.
LaTeX Font Info:    Font shape `OT1/ptm/bx/it' in size <20> not available
(Font)              Font shape `OT1/ptm/b/it' tried instead on input line 724.
LaTeX Font Info:    Font shape `OT1/ptm/bx/n' in size <24> not available
(Font)              Font shape `OT1/ptm/b/n' tried instead on input line 724.
LaTeX Font Info:    Font shape `OT1/ptm/bx/it' in size <24> not available
(Font)              Font shape `OT1/ptm/b/it' tried instead on input line 724.
\IEEEilabelindentA=\dimen108
\IEEEilabelindentB=\dimen109
\IEEEilabelindent=\dimen110
\IEEEelabelindent=\dimen111
\IEEEdlabelindent=\dimen112
\IEEElabelindent=\dimen113
\IEEEiednormlabelsep=\dimen114
\IEEEiedmathlabelsep=\dimen115
\IEEEiedtopsep=\skip41
\c@section=\count81
\c@subsection=\count82
\c@subsubsection=\count83
\c@paragraph=\count84
\c@IEEEsubequation=\count85
\abovecaptionskip=\skip42
\belowcaptionskip=\skip43
\c@figure=\count86
\c@table=\count87
\@IEEEeqnnumcols=\count88
\@IEEEeqncolcnt=\count89
\@IEEEtmpitemindent=\dimen116
\c@IEEEbiography=\count90
\@IEEEtranrubishbin=\box26
) ("C:\Program Files\MiKTeX 2.5\tex\latex\amsfonts\amsfonts.sty"
Package: amsfonts 2001/10/25 v2.2f
\@emptytoks=\toks15
\symAMSa=\mathgroup4
\symAMSb=\mathgroup5
LaTeX Font Info:    Overwriting math alphabet `\mathfrak' in version `bold'
(Font)                  U/euf/m/n --> U/euf/b/n on input line 132.
)
("C:\Program Files\MiKTeX 2.5\tex\latex\amscls\amsthm.sty"
Package: amsthm 2004/08/06 v2.20
\thm@style=\toks16
\thm@bodyfont=\toks17
\thm@headfont=\toks18
\thm@notefont=\toks19
\thm@headpunct=\toks20
\thm@preskip=\skip44
\thm@postskip=\skip45
\thm@headsep=\skip46
\dth@everypar=\toks21
)
("C:\Program Files\MiKTeX 2.5\tex\latex\amsfonts\amssymb.sty"
Package: amssymb 2002/01/22 v2.2d
)
("C:\Program Files\MiKTeX 2.5\tex\latex\amsmath\amsmath.sty"
Package: amsmath 2000/07/18 v2.13 AMS math features
\@mathmargin=\skip47

For additional information on amsmath, use the `?' option.
("C:\Program Files\MiKTeX 2.5\tex\latex\amsmath\amstext.sty"
Package: amstext 2000/06/29 v2.01

("C:\Program Files\MiKTeX 2.5\tex\latex\amsmath\amsgen.sty"
File: amsgen.sty 1999/11/30 v2.0
\@emptytoks=\toks22
\ex@=\dimen117
))
("C:\Program Files\MiKTeX 2.5\tex\latex\amsmath\amsbsy.sty"
Package: amsbsy 1999/11/29 v1.2d
\pmbraise@=\dimen118
)
("C:\Program Files\MiKTeX 2.5\tex\latex\amsmath\amsopn.sty"
Package: amsopn 1999/12/14 v2.01 operator names
)
\inf@bad=\count91
LaTeX Info: Redefining \frac on input line 211.
\uproot@=\count92
\leftroot@=\count93
LaTeX Info: Redefining \overline on input line 307.
\classnum@=\count94
\DOTSCASE@=\count95
LaTeX Info: Redefining \ldots on input line 379.
LaTeX Info: Redefining \dots on input line 382.
LaTeX Info: Redefining \cdots on input line 467.
\Mathstrutbox@=\box27
\strutbox@=\box28
\big@size=\dimen119
LaTeX Font Info:    Redeclaring font encoding OML on input line 567.
LaTeX Font Info:    Redeclaring font encoding OMS on input line 568.
\macc@depth=\count96
\c@MaxMatrixCols=\count97
\dotsspace@=\muskip10
\c@parentequation=\count98
\dspbrk@lvl=\count99
\tag@help=\toks23
\row@=\count100
\column@=\count101
\maxfields@=\count102
\andhelp@=\toks24
\eqnshift@=\dimen120
\alignsep@=\dimen121
\tagshift@=\dimen122
\tagwidth@=\dimen123
\totwidth@=\dimen124
\lineht@=\dimen125
\@envbody=\toks25
\multlinegap=\skip48
\multlinetaggap=\skip49
\mathdisplay@stack=\toks26
LaTeX Info: Redefining \[ on input line 2666.
LaTeX Info: Redefining \] on input line 2667.
)
("C:\Program Files\MiKTeX 2.5\tex\latex\graphics\graphicx.sty"
Package: graphicx 1999/02/16 v1.0f Enhanced LaTeX Graphics (DPC,SPQR)

("C:\Program Files\MiKTeX 2.5\tex\latex\graphics\keyval.sty"
Package: keyval 1999/03/16 v1.13 key=value parser (DPC)
\KV@toks@=\toks27
)
("C:\Program Files\MiKTeX 2.5\tex\latex\graphics\graphics.sty"
Package: graphics 2006/02/20 v1.0o Standard LaTeX Graphics (DPC,SPQR)

("C:\Program Files\MiKTeX 2.5\tex\latex\graphics\trig.sty"
Package: trig 1999/03/16 v1.09 sin cos tan (DPC)
)
("C:\Program Files\MiKTeX 2.5\tex\latex\00miktex\graphics.cfg"
File: graphics.cfg 2005/12/29 v1.2 MiKTeX 'graphics' configuration
)
Package graphics Info: Driver file: dvips.def on input line 90.

("C:\Program Files\MiKTeX 2.5\tex\latex\graphics\dvips.def"
File: dvips.def 1999/02/16 v3.0i Driver-dependant file (DPC,SPQR)
))
\Gin@req@height=\dimen126
\Gin@req@width=\dimen127
)
("C:\Program Files\MiKTeX 2.5\tex\latex\fancyhdr\fancyhdr.sty"
\fancy@headwidth=\skip50
\f@ncyO@elh=\skip51
\f@ncyO@erh=\skip52
\f@ncyO@olh=\skip53
\f@ncyO@orh=\skip54
\f@ncyO@elf=\skip55
\f@ncyO@erf=\skip56
\f@ncyO@olf=\skip57
\f@ncyO@orf=\skip58
)
\c@Prop=\count103
\c@lemma=\count104
\c@theorem=\count105

(ICC08OptimizingHierarchicalModulations.aux)
LaTeX Font Info:    Checking defaults for OML/cmm/m/it on input line 439.
LaTeX Font Info:    ... okay on input line 439.
LaTeX Font Info:    Checking defaults for T1/cmr/m/n on input line 439.
LaTeX Font Info:    ... okay on input line 439.
LaTeX Font Info:    Checking defaults for OT1/cmr/m/n on input line 439.
LaTeX Font Info:    ... okay on input line 439.
LaTeX Font Info:    Checking defaults for OMS/cmsy/m/n on input line 439.
LaTeX Font Info:    ... okay on input line 439.
LaTeX Font Info:    Checking defaults for OMX/cmex/m/n on input line 439.
LaTeX Font Info:    ... okay on input line 439.
LaTeX Font Info:    Checking defaults for U/cmr/m/n on input line 439.
LaTeX Font Info:    ... okay on input line 439.
 [1


]
LaTeX Font Info:    Try loading font information for U+msa on input line 618.

("C:\Program Files\MiKTeX 2.5\tex\latex\amsfonts\umsa.fd"
File: umsa.fd 2002/01/19 v2.2g AMS font definitions
)
LaTeX Font Info:    Try loading font information for U+msb on input line 618.

("C:\Program Files\MiKTeX 2.5\tex\latex\amsfonts\umsb.fd"
File: umsb.fd 2002/01/19 v2.2g AMS font definitions
)
Underfull \hbox (badness 10000) in paragraph at lines 616--631
[]\OT1/ptm/m/n/10 The sig-nal con-stel-la-tions of reg-u-lar square-shaped
 []


Underfull \hbox (badness 1635) in paragraph at lines 616--631
\OT1/ptm/m/n/10 QPSK/QPSK and 16QAM/QPSK hi-er-ar-chi-cal mod-u-la-tion
 []


Underfull \hbox (badness 2343) in paragraph at lines 616--631
\OT1/ptm/m/n/10 are QPSK-modulated. The min-i-mum Eu-clidean dis-tance
 []

File: Regular_Hierarchical.eps Graphic file (type eps)
<Regular_Hierarchical.eps> [2]
File: Capacity_power_splitting.eps Graphic file (type eps)
 <Capacity_power_splitting.eps>
File: Enhanced_Hierarchical.eps Graphic file (type eps)

<Enhanced_Hierarchical.eps>
Underfull \vbox (badness 2556) has occurred while \output is active []

 [3]
File: Capacity_16QAM.eps Graphic file (type eps)

<Capacity_16QAM.eps>
File: BER_Hierarchical.eps Graphic file (type eps)
 <BER_Hierarchical.eps>
File: Modulation_Efficiency.eps Graphic file (type eps)
 <Modulation_Efficiency.eps>
[4] (ICC08OptimizingHierarchicalModulations.bbl
Underfull \hbox (badness 3407) in paragraph at lines 4--7
[]\OT1/ptm/m/n/8 DVB Project.  Dvb ter-res-trial (dvb-t): Hi-er-ar-chi-cal mod-
u-la-tion.
 []

)

** Conference Paper **
Before submitting the final camera ready copy, remember to:

 1. Manually equalize the lengths of two columns on the last page
 of your paper;

 2. Ensure that any PostScript and/or PDF output post-processing
 uses only Type 1 fonts and that every step in the generation
 process uses the appropriate paper size.

[5] (ICC08OptimizingHierarchicalModulations.aux) ) 
Here is how much of TeX's memory you used:
 2516 strings out of 95420
 32989 string characters out of 1187327
 87112 words of memory out of 1082620
 5580 multiletter control sequences out of 60000
 30671 words of font info for 76 fonts, out of 1000000 for 2000
 17 hyphenation exceptions out of 8191
 27i,11n,43p,354b,297s stack positions out of 5000i,500n,10000p,200000b,32768s

Output written on ICC08OptimizingHierarchicalModulations.dvi (5 pages, 36844 by
tes).
